2015-07-15 12:35:52,659 - rootLogger - INFO - All Excel Files Initialised successfully.
2015-07-15 12:35:52,664 - rootLogger - INFO - Param.properties file loaded successfully.
2015-07-15 12:35:52,667 - rootLogger - INFO - Objects.properties file loaded successfully.
2015-07-15 12:35:52,667 - rootLogger - INFO - Execution started for SuiteOneBase.
2015-07-15 12:35:52,774 - rootLogger - INFO - All Excel Files Initialised successfully.
2015-07-15 12:35:52,775 - rootLogger - INFO - Param.properties file loaded successfully.
2015-07-15 12:35:52,776 - rootLogger - INFO - Objects.properties file loaded successfully.
2015-07-15 12:35:52,777 - rootLogger - INFO - SuiteOneCaseOne : Execution started.
2015-07-15 12:35:54,971 - rootLogger - INFO - Chrome Driver Instance loaded successfully.
2015-07-15 12:35:59,728 - rootLogger - INFO - SuiteOneCaseOne : Reporting test data set line 1 as PASS In excel.
2015-07-15 12:36:01,925 - rootLogger - INFO - SuiteOneCaseOne : Reporting test data set line 2 as PASS In excel.
2015-07-15 12:36:02,379 - rootLogger - INFO - SuiteOneCaseOne : Reporting test case as PASS In excel.
2015-07-15 12:36:02,415 - rootLogger - INFO - All Excel Files Initialised successfully.
2015-07-15 12:36:02,416 - rootLogger - INFO - Param.properties file loaded successfully.
2015-07-15 12:36:02,416 - rootLogger - INFO - Objects.properties file loaded successfully.
2015-07-15 12:36:03,637 - rootLogger - INFO - Chrome Driver Instance loaded successfully.
2015-07-15 12:36:14,317 - rootLogger - INFO - All Excel Files Initialised successfully.
2015-07-15 12:36:14,318 - rootLogger - INFO - Param.properties file loaded successfully.
2015-07-15 12:36:14,318 - rootLogger - INFO - Objects.properties file loaded successfully.
2015-07-15 12:36:14,344 - rootLogger - INFO - All Excel Files Initialised successfully.
2015-07-15 12:36:14,344 - rootLogger - INFO - Param.properties file loaded successfully.
2015-07-15 12:36:14,345 - rootLogger - INFO - Objects.properties file loaded successfully.
2015-07-15 12:36:15,719 - rootLogger - INFO - Chrome Driver Instance loaded successfully.
2015-07-15 12:36:22,740 - rootLogger - INFO - All Excel Files Initialised successfully.
2015-07-15 12:36:22,741 - rootLogger - INFO - Param.properties file loaded successfully.
2015-07-15 12:36:22,741 - rootLogger - INFO - Objects.properties file loaded successfully.
2015-07-15 12:36:24,217 - rootLogger - INFO - Chrome Driver Instance loaded successfully.
